<?xml version="1.0" encoding="UTF-8"?>
<!-- Generated by org.testng.reporters.JUnitXMLReporter -->
<testsuite ignored="0" hostname="admin-PC" failures="2" tests="8" name="Test" time="0.21" errors="0" timestamp="2024-01-03T16:12:53 IST">
  <testcase classname="testNGStudy.MyClass2" name="f" time="0.022">
    <failure type="java.lang.AssertionError" message="null">
      <![CDATA[java.lang.AssertionError: null
at testNGStudy.MyClass2.f(MyClass2.java:16)
at java.base/java.util.ArrayList.forEach(ArrayList.java:1511)
... Removed 29 stack frames]]>
    </failure>
  </testcase> <!-- f -->
  <testcase classname="testNGStudy.MyClass2" name="h" time="0.006"/>
  <testcase classname="testNGStudy.MyClass2" name="e" time="0.003"/>
  <testcase classname="testNGStudy.MyClass2" name="g" time="0.0">
    <skipped/>
  </testcase> <!-- g -->
  <testcase classname="testNGStudy.MyClass" name="a" time="0.003"/>
  <testcase classname="testNGStudy.MyClass" name="b" time="0.007">
    <failure type="java.lang.AssertionError" message="null">
      <![CDATA[java.lang.AssertionError: null
at testNGStudy.MyClass.b(MyClass.java:20)
at java.base/java.util.ArrayList.forEach(ArrayList.java:1511)
... Removed 29 stack frames]]>
    </failure>
  </testcase> <!-- b -->
  <testcase classname="testNGStudy.MyClass" name="d" time="0.003"/>
  <testcase classname="testNGStudy.MyClass" name="c" time="0.001">
    <skipped/>
  </testcase> <!-- c -->
</testsuite> <!-- Test -->
